<?xml version="1.0" encoding="UTF-8"?>
<testng-results ignored="0" total="2" passed="2" failed="0" skipped="0">
  <reporter-output>
  </reporter-output>
  <suite started-at="2023-08-02T16:12:11 IST" name="Default suite" finished-at="2023-08-02T16:13:07 IST" duration-ms="55534">
    <groups>
    </groups>
    <test started-at="2023-08-02T16:12:11 IST" name="Default test" finished-at="2023-08-02T16:13:07 IST" duration-ms="55534">
      <class name="TestScenarios.TestMethodManagement">
        <test-method is-config="true" signature="beforeTest()[pri:0, instance:TestScenarios.TestMethodManagement@3590fc5b]" started-at="2023-08-02T16:12:11 IST" name="beforeTest" finished-at="2023-08-02T16:12:49 IST" duration-ms="37409" status="PASS">
          <reporter-output>
          </reporter-output>
        </test-method> <!-- beforeTest -->
        <test-method signature="login1()[pri:1, instance:TestScenarios.TestMethodManagement@3590fc5b]" started-at="2023-08-02T16:12:49 IST" name="login1" finished-at="2023-08-02T16:12:52 IST" duration-ms="2429" status="PASS">
          <reporter-output>
          </reporter-output>
        </test-method> <!-- login1 -->
        <test-method signature="dataDown()[pri:2, instance:TestScenarios.TestMethodManagement@3590fc5b]" started-at="2023-08-02T16:12:52 IST" name="dataDown" finished-at="2023-08-02T16:13:07 IST" duration-ms="14910" status="PASS">
          <reporter-output>
          </reporter-output>
        </test-method> <!-- dataDown -->
      </class> <!-- TestScenarios.TestMethodManagement -->
    </test> <!-- Default test -->
  </suite> <!-- Default suite -->
</testng-results>
